<?xml version="1.0" encoding="UTF-8"?>
<!-- Generated by org.testng.reporters.JUnitXMLReporter -->
<testsuite hostname="DESKTOP-3G93UIS" name="LoginTest" tests="1" failures="1" timestamp="8 Jan 2023 23:30:35 GMT" time="4.219" errors="0">
  <testcase name="validUserShouldBeAbleToLogin" time="4.199" classname="test.LoginTest">
    <failure type="java.lang.AssertionError" message="Page not found expected [null] but found [Dashboard]">
      <![CDATA[java.lang.AssertionError: Page not found expected [null] but found [Dashboard]
	at page.DashboardPage.validateDashboardPage(DashboardPage.java:27)
	at test.LoginTest.validUserShouldBeAbleToLogin(LoginTest.java:33)
... Removed 30 stack frames]]>
    </failure>
  </testcase> <!-- validUserShouldBeAbleToLogin -->
</testsuite> <!-- LoginTest -->
